{"/Users/ecerquei/git/bootstrap-express-app/app.js": {"path":"/Users/ecerquei/git/bootstrap-express-app/app.js","statementMap":{"0":{"start":{"line":1,"column":16},"end":{"line":1,"column":34}},"1":{"start":{"line":2,"column":16},"end":{"line":2,"column":42}},"2":{"start":{"line":3,"column":19},"end":{"line":3,"column":41}},"3":{"start":{"line":4,"column":13},"end":{"line":4,"column":28}},"4":{"start":{"line":5,"column":18},"end":{"line":5,"column":39}},"5":{"start":{"line":7,"column":12},"end":{"line":7,"column":21}},"6":{"start":{"line":10,"column":2},"end":{"line":10,"column":23}},"7":{"start":{"line":13,"column":22},"end":{"line":13,"column":24}},"8":{"start":{"line":16,"column":0},"end":{"line":16,"column":30}},"9":{"start":{"line":19,"column":0},"end":{"line":19,"column":51}},"10":{"start":{"line":22,"column":0},"end":{"line":22,"column":56}},"11":{"start":{"line":25,"column":0},"end":{"line":25,"column":24}},"12":{"start":{"line":28,"column":0},"end":{"line":33,"column":4}},"13":{"start":{"line":36,"column":0},"end":{"line":41,"column":3}},"14":{"start":{"line":37,"column":4},"end":{"line":39,"column":5}},"15":{"start":{"line":38,"column":8},"end":{"line":38,"column":37}},"16":{"start":{"line":40,"column":4},"end":{"line":40,"column":24}},"17":{"start":{"line":44,"column":0},"end":{"line":57,"column":3}},"18":{"start":{"line":45,"column":25},"end":{"line":45,"column":33}},"19":{"start":{"line":46,"column":22},"end":{"line":46,"column":49}},"20":{"start":{"line":48,"column":4},"end":{"line":54,"column":5}},"21":{"start":{"line":49,"column":8},"end":{"line":49,"column":40}},"22":{"start":{"line":52,"column":8},"end":{"line":52,"column":58}},"23":{"start":{"line":53,"column":8},"end":{"line":53,"column":37}},"24":{"start":{"line":56,"column":4},"end":{"line":56,"column":65}},"25":{"start":{"line":60,"column":0},"end":{"line":63,"column":3}},"26":{"start":{"line":61,"column":4},"end":{"line":61,"column":43}},"27":{"start":{"line":62,"column":4},"end":{"line":62,"column":30}},"28":{"start":{"line":66,"column":0},"end":{"line":73,"column":3}},"29":{"start":{"line":67,"column":4},"end":{"line":69,"column":5}},"30":{"start":{"line":68,"column":8},"end":{"line":68,"column":33}},"31":{"start":{"line":72,"column":4},"end":{"line":72,"column":81}},"32":{"start":{"line":76,"column":0},"end":{"line":87,"column":3}},"33":{"start":{"line":77,"column":21},"end":{"line":77,"column":41}},"34":{"start":{"line":80,"column":4},"end":{"line":82,"column":5}},"35":{"start":{"line":81,"column":8},"end":{"line":81,"column":39}},"36":{"start":{"line":84,"column":4},"end":{"line":86,"column":7}},"37":{"start":{"line":85,"column":8},"end":{"line":85,"column":26}},"38":{"start":{"line":90,"column":13},"end":{"line":90,"column":37}},"39":{"start":{"line":91,"column":15},"end":{"line":93,"column":2}},"40":{"start":{"line":92,"column":4},"end":{"line":92,"column":62}},"41":{"start":{"line":96,"column":0},"end":{"line":102,"column":5}},"42":{"start":{"line":97,"column":4},"end":{"line":97,"column":40}},"43":{"start":{"line":98,"column":4},"end":{"line":101,"column":5}},"44":{"start":{"line":99,"column":6},"end":{"line":99,"column":54}},"45":{"start":{"line":100,"column":6},"end":{"line":100,"column":22}}},"fnMap":{"0":{"name":"(anonymous_0)","decl":{"start":{"line":36,"column":13},"end":{"line":36,"column":14}},"loc":{"start":{"line":36,"column":27},"end":{"line":41,"column":1}},"line":36},"1":{"name":"(anonymous_1)","decl":{"start":{"line":44,"column":19},"end":{"line":44,"column":20}},"loc":{"start":{"line":44,"column":33},"end":{"line":57,"column":1}},"line":44},"2":{"name":"(anonymous_2)","decl":{"start":{"line":60,"column":22},"end":{"line":60,"column":23}},"loc":{"start":{"line":60,"column":36},"end":{"line":63,"column":1}},"line":60},"3":{"name":"(anonymous_3)","decl":{"start":{"line":66,"column":17},"end":{"line":66,"column":18}},"loc":{"start":{"line":66,"column":31},"end":{"line":73,"column":1}},"line":66},"4":{"name":"(anonymous_4)","decl":{"start":{"line":76,"column":20},"end":{"line":76,"column":21}},"loc":{"start":{"line":76,"column":34},"end":{"line":87,"column":1}},"line":76},"5":{"name":"(anonymous_5)","decl":{"start":{"line":84,"column":24},"end":{"line":84,"column":25}},"loc":{"start":{"line":84,"column":30},"end":{"line":86,"column":5}},"line":84},"6":{"name":"(anonymous_6)","decl":{"start":{"line":91,"column":32},"end":{"line":91,"column":33}},"loc":{"start":{"line":91,"column":38},"end":{"line":93,"column":1}},"line":91},"7":{"name":"(anonymous_7)","decl":{"start":{"line":96,"column":19},"end":{"line":96,"column":20}},"loc":{"start":{"line":96,"column":28},"end":{"line":102,"column":3}},"line":96}},"branchMap":{"0":{"loc":{"start":{"line":37,"column":4},"end":{"line":39,"column":5}},"type":"if","locations":[{"start":{"line":37,"column":4},"end":{"line":39,"column":5}},{"start":{},"end":{}}],"line":37},"1":{"loc":{"start":{"line":48,"column":4},"end":{"line":54,"column":5}},"type":"if","locations":[{"start":{"line":48,"column":4},"end":{"line":54,"column":5}},{"start":{},"end":{}}],"line":48},"2":{"loc":{"start":{"line":67,"column":4},"end":{"line":69,"column":5}},"type":"if","locations":[{"start":{"line":67,"column":4},"end":{"line":69,"column":5}},{"start":{},"end":{}}],"line":67},"3":{"loc":{"start":{"line":80,"column":4},"end":{"line":82,"column":5}},"type":"if","locations":[{"start":{"line":80,"column":4},"end":{"line":82,"column":5}},{"start":{},"end":{}}],"line":80},"4":{"loc":{"start":{"line":90,"column":13},"end":{"line":90,"column":37}},"type":"binary-expr","locations":[{"start":{"line":90,"column":13},"end":{"line":90,"column":29}},{"start":{"line":90,"column":33},"end":{"line":90,"column":37}}],"line":90},"5":{"loc":{"start":{"line":98,"column":4},"end":{"line":101,"column":5}},"type":"if","locations":[{"start":{"line":98,"column":4},"end":{"line":101,"column":5}},{"start":{},"end":{}}],"line":98}},"s":{"0":1,"1":1,"2":1,"3":1,"4":1,"5":1,"6":1,"7":1,"8":1,"9":1,"10":1,"11":1,"12":1,"13":1,"14":0,"15":0,"16":0,"17":1,"18":2,"19":2,"20":2,"21":0,"22":0,"23":0,"24":2,"25":1,"26":0,"27":0,"28":1,"29":0,"30":0,"31":0,"32":1,"33":0,"34":0,"35":0,"36":0,"37":0,"38":1,"39":1,"40":1,"41":1,"42":0,"43":0,"44":0,"45":0},"f":{"0":0,"1":2,"2":0,"3":0,"4":0,"5":0,"6":1,"7":0},"b":{"0":[0,0],"1":[0,2],"2":[0,0],"3":[0,0],"4":[1,1],"5":[0,0]},"_coverageSchema":"1a1c01bbd47fc00a2c39e90264f33305004495a9","hash":"4fa4e7078889ddd75cbb5d525f77886ba917d0ac"}
}
