TN:
SF:app.js
FN:36,(anonymous_0)
FN:44,(anonymous_1)
FN:60,(anonymous_2)
FN:66,(anonymous_3)
FN:76,(anonymous_4)
FN:84,(anonymous_5)
FN:91,(anonymous_6)
FN:96,(anonymous_7)
FNF:8
FNH:2
FNDA:0,(anonymous_0)
FNDA:2,(anonymous_1)
FNDA:0,(anonymous_2)
FNDA:0,(anonymous_3)
FNDA:0,(anonymous_4)
FNDA:0,(anonymous_5)
FNDA:1,(anonymous_6)
FNDA:0,(anonymous_7)
DA:1,1
DA:2,1
DA:3,1
DA:4,1
DA:5,1
DA:7,1
DA:10,1
DA:13,1
DA:16,1
DA:19,1
DA:22,1
DA:25,1
DA:28,1
DA:36,1
DA:37,0
DA:38,0
DA:40,0
DA:44,1
DA:45,2
DA:46,2
DA:48,2
DA:49,0
DA:52,0
DA:53,0
DA:56,2
DA:60,1
DA:61,0
DA:62,0
DA:66,1
DA:67,0
DA:68,0
DA:72,0
DA:76,1
DA:77,0
DA:80,0
DA:81,0
DA:84,0
DA:85,0
DA:90,1
DA:91,1
DA:92,1
DA:96,1
DA:97,0
DA:98,0
DA:99,0
DA:100,0
LF:46
LH:26
BRDA:37,0,0,0
BRDA:37,0,1,0
BRDA:48,1,0,0
BRDA:48,1,1,2
BRDA:67,2,0,0
BRDA:67,2,1,0
BRDA:80,3,0,0
BRDA:80,3,1,0
BRDA:90,4,0,1
BRDA:90,4,1,1
BRDA:98,5,0,0
BRDA:98,5,1,0
BRF:12
BRH:3
end_of_record
