TN:
SF:app.js
FN:35,(anonymous_0)
FN:43,(anonymous_1)
FN:59,(anonymous_2)
FN:65,(anonymous_3)
FN:75,(anonymous_4)
FN:83,(anonymous_5)
FN:90,(anonymous_6)
FN:95,(anonymous_7)
FNF:8
FNH:2
FNDA:0,(anonymous_0)
FNDA:2,(anonymous_1)
FNDA:0,(anonymous_2)
FNDA:0,(anonymous_3)
FNDA:0,(anonymous_4)
FNDA:0,(anonymous_5)
FNDA:1,(anonymous_6)
FNDA:0,(anonymous_7)
DA:1,1
DA:2,1
DA:3,1
DA:4,1
DA:5,1
DA:7,1
DA:9,1
DA:12,1
DA:15,1
DA:18,1
DA:21,1
DA:24,1
DA:27,1
DA:35,1
DA:36,0
DA:37,0
DA:39,0
DA:43,1
DA:44,2
DA:45,2
DA:47,2
DA:48,0
DA:51,0
DA:52,0
DA:55,2
DA:59,1
DA:60,0
DA:61,0
DA:65,1
DA:66,0
DA:67,0
DA:71,0
DA:75,1
DA:76,0
DA:79,0
DA:80,0
DA:83,0
DA:84,0
DA:89,1
DA:90,1
DA:91,1
DA:95,1
DA:96,0
DA:97,0
DA:98,0
DA:99,0
LF:46
LH:26
BRDA:36,0,0,0
BRDA:36,0,1,0
BRDA:47,1,0,0
BRDA:47,1,1,2
BRDA:66,2,0,0
BRDA:66,2,1,0
BRDA:79,3,0,0
BRDA:79,3,1,0
BRDA:89,4,0,1
BRDA:89,4,1,1
BRDA:97,5,0,0
BRDA:97,5,1,0
BRF:12
BRH:3
end_of_record
